[0m22:17:50.847217 [debug] [MainThread]: Sending event: {'category': 'dbt', 'action': 'invocation', 'label': 'start', 'context': [<snowplow_tracker.self_describing_json.SelfDescribingJson object at 0x000001A24021F620>, <snowplow_tracker.self_describing_json.SelfDescribingJson object at 0x000001A23F368830>, <snowplow_tracker.self_describing_json.SelfDescribingJson object at 0x000001A24297A870>]}


============================== 22:17:50.849734 | 05441fb2-70a1-4bcf-9504-4f79e71ae02f ==============================
[0m22:17:50.849734 [info ] [MainThread]: Running with dbt=1.8.1
[0m22:17:50.849734 [debug] [MainThread]: running dbt with arguments {'printer_width': '80', 'indirect_selection': 'eager', 'log_cache_events': 'False', 'write_json': 'True', 'partial_parse': 'True', 'cache_selected_only': 'False', 'profiles_dir': 'C:\\Users\\anjoj\\.dbt', 'debug': 'False', 'warn_error': 'None', 'log_path': 'logs', 'fail_fast': 'False', 'version_check': 'True', 'use_colors': 'True', 'use_experimental_parser': 'False', 'no_print': 'None', 'quiet': 'False', 'log_format': 'default', 'static_parser': 'True', 'invocation_command': 'dbt init', 'introspect': 'True', 'target_path': 'None', 'warn_error_options': 'WarnErrorOptions(include=[], exclude=[])', 'send_anonymous_usage_stats': 'True'}
[0m22:18:26.453674 [debug] [MainThread]: Starter project path: C:\Users\anjoj\PycharmProjects\Medallion-dbt\.venv\Lib\site-packages\dbt\include\starter_project
[0m22:18:26.476140 [info ] [MainThread]: 
Your new dbt project "medallion_dbt_spark" was created!

For more information on how to configure the profiles.yml file,
please consult the dbt documentation here:

  https://docs.getdbt.com/docs/configure-your-profile

One more thing:

Need help? Don't hesitate to reach out to us via GitHub issues or on Slack:

  https://community.getdbt.com/

Happy modeling!

[0m22:18:26.485779 [info ] [MainThread]: Setting up your profile.
[0m22:18:31.221587 [debug] [MainThread]: Spark adapter: Setting pyhive.hive logging to ERROR
[0m22:18:31.221587 [debug] [MainThread]: Spark adapter: Setting thrift.transport logging to ERROR
[0m22:18:31.221587 [debug] [MainThread]: Spark adapter: Setting thrift.protocol logging to ERROR
[0m22:20:51.370866 [info ] [MainThread]: Profile medallion_dbt_spark written to C:\Users\anjoj\.dbt\profiles.yml using target's profile_template.yml and your supplied values. Run 'dbt debug' to validate the connection.
[0m22:20:51.370866 [debug] [MainThread]: Command `dbt init` succeeded at 22:20:51.370866 after 180.65 seconds
[0m22:20:51.370866 [debug] [MainThread]: Sending event: {'category': 'dbt', 'action': 'invocation', 'label': 'end', 'context': [<snowplow_tracker.self_describing_json.SelfDescribingJson object at 0x000001A241FC1280>, <snowplow_tracker.self_describing_json.SelfDescribingJson object at 0x000001A2429048F0>, <snowplow_tracker.self_describing_json.SelfDescribingJson object at 0x000001A2429058E0>]}
[0m22:20:51.370866 [debug] [MainThread]: Flushing usage events
[0m22:24:05.738167 [debug] [MainThread]: Sending event: {'category': 'dbt', 'action': 'invocation', 'label': 'start', 'context': [<snowplow_tracker.self_describing_json.SelfDescribingJson object at 0x0000018DEA46A2D0>, <snowplow_tracker.self_describing_json.SelfDescribingJson object at 0x0000018DEA08B710>, <snowplow_tracker.self_describing_json.SelfDescribingJson object at 0x0000018DEABF2090>]}


============================== 22:24:05.746341 | 6d4b2f77-9129-4302-928e-eb13a10e7f96 ==============================
[0m22:24:05.746341 [info ] [MainThread]: Running with dbt=1.8.1
[0m22:24:05.746341 [debug] [MainThread]: running dbt with arguments {'printer_width': '80', 'indirect_selection': 'eager', 'log_cache_events': 'False', 'write_json': 'True', 'partial_parse': 'True', 'cache_selected_only': 'False', 'warn_error': 'None', 'fail_fast': 'False', 'debug': 'False', 'log_path': 'logs', 'version_check': 'True', 'profiles_dir': 'C:\\Users\\anjoj\\.dbt', 'use_colors': 'True', 'use_experimental_parser': 'False', 'no_print': 'None', 'quiet': 'False', 'log_format': 'default', 'invocation_command': 'dbt debug', 'warn_error_options': 'WarnErrorOptions(include=[], exclude=[])', 'introspect': 'True', 'target_path': 'None', 'static_parser': 'True', 'send_anonymous_usage_stats': 'True'}
[0m22:24:05.771036 [info ] [MainThread]: dbt version: 1.8.1
[0m22:24:05.771036 [info ] [MainThread]: python version: 3.12.3
[0m22:24:05.771036 [info ] [MainThread]: python path: C:\Users\anjoj\PycharmProjects\Medallion-dbt\.venv\Scripts\python.exe
[0m22:24:05.775550 [info ] [MainThread]: os info: Windows-11-10.0.22631-SP0
[0m22:24:05.927649 [debug] [MainThread]: Spark adapter: Setting pyhive.hive logging to ERROR
[0m22:24:05.927649 [debug] [MainThread]: Spark adapter: Setting thrift.transport logging to ERROR
[0m22:24:05.933455 [debug] [MainThread]: Spark adapter: Setting thrift.protocol logging to ERROR
[0m22:24:07.592471 [info ] [MainThread]: Error importing adapter: No module named 'dbt.adapters.snowflake'
[0m22:24:07.592471 [info ] [MainThread]: Error importing adapter: No module named 'dbt.adapters.snowflake'
[0m22:24:07.592471 [info ] [MainThread]: Using profiles dir at C:\Users\anjoj\.dbt
[0m22:24:07.592471 [info ] [MainThread]: Using profiles.yml file at C:\Users\anjoj\.dbt\profiles.yml
[0m22:24:07.592471 [info ] [MainThread]: Using dbt_project.yml file at C:\Users\anjoj\PycharmProjects\Medallion-dbt\dbt_project.yml
[0m22:24:07.592471 [info ] [MainThread]: Configuration:
[0m22:24:07.592471 [info ] [MainThread]:   profiles.yml file [[31mERROR invalid[0m]
[0m22:24:07.592471 [info ] [MainThread]:   dbt_project.yml file [[31mERROR not found[0m]
[0m22:24:07.592471 [info ] [MainThread]: Required dependencies:
[0m22:24:07.600519 [debug] [MainThread]: Executing "git --help"
[0m22:24:07.634361 [debug] [MainThread]: STDOUT: "b"usage: git [-v | --version] [-h | --help] [-C <path>] [-c <name>=<value>]\n           [--exec-path[=<path>]] [--html-path] [--man-path] [--info-path]\n           [-p | --paginate | -P | --no-pager] [--no-replace-objects] [--bare]\n           [--git-dir=<path>] [--work-tree=<path>] [--namespace=<name>]\n           [--config-env=<name>=<envvar>] <command> [<args>]\n\nThese are common Git commands used in various situations:\n\nstart a working area (see also: git help tutorial)\n   clone     Clone a repository into a new directory\n   init      Create an empty Git repository or reinitialize an existing one\n\nwork on the current change (see also: git help everyday)\n   add       Add file contents to the index\n   mv        Move or rename a file, a directory, or a symlink\n   restore   Restore working tree files\n   rm        Remove files from the working tree and from the index\n\nexamine the history and state (see also: git help revisions)\n   bisect    Use binary search to find the commit that introduced a bug\n   diff      Show changes between commits, commit and working tree, etc\n   grep      Print lines matching a pattern\n   log       Show commit logs\n   show      Show various types of objects\n   status    Show the working tree status\n\ngrow, mark and tweak your common history\n   branch    List, create, or delete branches\n   commit    Record changes to the repository\n   merge     Join two or more development histories together\n   rebase    Reapply commits on top of another base tip\n   reset     Reset current HEAD to the specified state\n   switch    Switch branches\n   tag       Create, list, delete or verify a tag object signed with GPG\n\ncollaborate (see also: git help workflows)\n   fetch     Download objects and refs from another repository\n   pull      Fetch from and integrate with another repository or a local branch\n   push      Update remote refs along with associated objects\n\n'git help -a' and 'git help -g' list available subcommands and some\nconcept guides. See 'git help <command>' or 'git help <concept>'\nto read about a specific subcommand or concept.\nSee 'git help git' for an overview of the system.\n""
[0m22:24:07.634361 [debug] [MainThread]: STDERR: "b''"
[0m22:24:07.634361 [info ] [MainThread]:  - git [[32mOK found[0m]

[0m22:24:07.634361 [info ] [MainThread]: Connection test skipped since no profile was found
[0m22:24:07.641454 [info ] [MainThread]: [31m2 checks failed:[0m
[0m22:24:07.641454 [info ] [MainThread]: Could not load dbt_project.yml
Profile loading failed for the following reason:
Runtime Error
  Credentials in profile "cosmosproject", target "dev" invalid: Runtime Error
    Could not find adapter type snowflake!

Runtime Error
  Credentials in profile "data_pipeline", target "dev" invalid: Runtime Error
    Could not find adapter type snowflake!


[0m22:24:07.641454 [info ] [MainThread]: Project loading failed for the following reason:
 project path <C:\Users\anjoj\PycharmProjects\Medallion-dbt\dbt_project.yml> not found

[0m22:24:07.641454 [debug] [MainThread]: Command `dbt debug` failed at 22:24:07.641454 after 2.03 seconds
[0m22:24:07.641454 [debug] [MainThread]: Sending event: {'category': 'dbt', 'action': 'invocation', 'label': 'end', 'context': [<snowplow_tracker.self_describing_json.SelfDescribingJson object at 0x0000018DEAC65A30>, <snowplow_tracker.self_describing_json.SelfDescribingJson object at 0x0000018DEAD77AA0>, <snowplow_tracker.self_describing_json.SelfDescribingJson object at 0x0000018DEAB69430>]}
[0m22:24:07.644965 [debug] [MainThread]: Flushing usage events
[0m22:27:59.735953 [debug] [MainThread]: Sending event: {'category': 'dbt', 'action': 'invocation', 'label': 'start', 'context': [<snowplow_tracker.self_describing_json.SelfDescribingJson object at 0x0000015BF51B2330>, <snowplow_tracker.self_describing_json.SelfDescribingJson object at 0x0000015BF4B20230>, <snowplow_tracker.self_describing_json.SelfDescribingJson object at 0x0000015BF4A6D7F0>]}


============================== 22:27:59.746944 | 64d98a0d-e221-45c5-83b6-a2db59cfce77 ==============================
[0m22:27:59.746944 [info ] [MainThread]: Running with dbt=1.8.1
[0m22:27:59.746944 [debug] [MainThread]: running dbt with arguments {'printer_width': '80', 'indirect_selection': 'eager', 'log_cache_events': 'False', 'write_json': 'True', 'partial_parse': 'True', 'cache_selected_only': 'False', 'warn_error': 'None', 'version_check': 'True', 'profiles_dir': 'C:\\Users\\anjoj\\.dbt', 'log_path': 'logs', 'debug': 'False', 'fail_fast': 'False', 'use_colors': 'True', 'use_experimental_parser': 'False', 'no_print': 'None', 'quiet': 'False', 'log_format': 'default', 'static_parser': 'True', 'warn_error_options': 'WarnErrorOptions(include=[], exclude=[])', 'invocation_command': 'dbt debug', 'target_path': 'None', 'introspect': 'True', 'send_anonymous_usage_stats': 'True'}
[0m22:27:59.768636 [info ] [MainThread]: dbt version: 1.8.1
[0m22:27:59.768636 [info ] [MainThread]: python version: 3.12.3
[0m22:27:59.768636 [info ] [MainThread]: python path: C:\Users\anjoj\PycharmProjects\Medallion-dbt\.venv\Scripts\python.exe
[0m22:27:59.768636 [info ] [MainThread]: os info: Windows-11-10.0.22631-SP0
[0m22:27:59.949384 [debug] [MainThread]: Spark adapter: Setting pyhive.hive logging to ERROR
[0m22:27:59.949384 [debug] [MainThread]: Spark adapter: Setting thrift.transport logging to ERROR
[0m22:27:59.949384 [debug] [MainThread]: Spark adapter: Setting thrift.protocol logging to ERROR
[0m22:28:01.357406 [info ] [MainThread]: Using profiles dir at C:\Users\anjoj\.dbt
[0m22:28:01.357406 [info ] [MainThread]: Using profiles.yml file at C:\Users\anjoj\.dbt\profiles.yml
[0m22:28:01.357406 [info ] [MainThread]: Using dbt_project.yml file at C:\Users\anjoj\PycharmProjects\Medallion-dbt\dbt_project.yml
[0m22:28:01.357406 [info ] [MainThread]: adapter type: databricks
[0m22:28:01.363767 [info ] [MainThread]: adapter version: 1.8.0
[0m22:28:01.363767 [info ] [MainThread]: Configuration:
[0m22:28:01.363767 [info ] [MainThread]:   profiles.yml file [[32mOK found and valid[0m]
[0m22:28:01.363767 [info ] [MainThread]:   dbt_project.yml file [[31mERROR not found[0m]
[0m22:28:01.363767 [info ] [MainThread]: Required dependencies:
[0m22:28:01.363767 [debug] [MainThread]: Executing "git --help"
[0m22:28:01.396198 [debug] [MainThread]: STDOUT: "b"usage: git [-v | --version] [-h | --help] [-C <path>] [-c <name>=<value>]\n           [--exec-path[=<path>]] [--html-path] [--man-path] [--info-path]\n           [-p | --paginate | -P | --no-pager] [--no-replace-objects] [--bare]\n           [--git-dir=<path>] [--work-tree=<path>] [--namespace=<name>]\n           [--config-env=<name>=<envvar>] <command> [<args>]\n\nThese are common Git commands used in various situations:\n\nstart a working area (see also: git help tutorial)\n   clone     Clone a repository into a new directory\n   init      Create an empty Git repository or reinitialize an existing one\n\nwork on the current change (see also: git help everyday)\n   add       Add file contents to the index\n   mv        Move or rename a file, a directory, or a symlink\n   restore   Restore working tree files\n   rm        Remove files from the working tree and from the index\n\nexamine the history and state (see also: git help revisions)\n   bisect    Use binary search to find the commit that introduced a bug\n   diff      Show changes between commits, commit and working tree, etc\n   grep      Print lines matching a pattern\n   log       Show commit logs\n   show      Show various types of objects\n   status    Show the working tree status\n\ngrow, mark and tweak your common history\n   branch    List, create, or delete branches\n   commit    Record changes to the repository\n   merge     Join two or more development histories together\n   rebase    Reapply commits on top of another base tip\n   reset     Reset current HEAD to the specified state\n   switch    Switch branches\n   tag       Create, list, delete or verify a tag object signed with GPG\n\ncollaborate (see also: git help workflows)\n   fetch     Download objects and refs from another repository\n   pull      Fetch from and integrate with another repository or a local branch\n   push      Update remote refs along with associated objects\n\n'git help -a' and 'git help -g' list available subcommands and some\nconcept guides. See 'git help <command>' or 'git help <concept>'\nto read about a specific subcommand or concept.\nSee 'git help git' for an overview of the system.\n""
[0m22:28:01.396198 [debug] [MainThread]: STDERR: "b''"
[0m22:28:01.396198 [info ] [MainThread]:  - git [[32mOK found[0m]

[0m22:28:01.396198 [info ] [MainThread]: Connection:
[0m22:28:01.400206 [info ] [MainThread]:   host: adb-1231056137383159.19.azuredatabricks.net
[0m22:28:01.400206 [info ] [MainThread]:   http_path: sql/protocolv1/o/1231056137383159/0525-230729-64x7jgls
[0m22:28:01.400206 [info ] [MainThread]:   catalog: hive_metastore
[0m22:28:01.400206 [info ] [MainThread]:   schema: saleslt
[0m22:28:01.400206 [info ] [MainThread]: Registered adapter: databricks=1.8.0
[0m22:28:01.400206 [debug] [MainThread]: Databricks adapter: DatabricksDBTConnection(id=1494469154944, session-id=None, name=debug, idle-time=0s, acquire-count=0, language=None, thread-identifier=(23504, 31576), compute-name=) - Creating connection
[0m22:28:01.400206 [debug] [MainThread]: Acquiring new databricks connection 'debug'
[0m22:28:01.404253 [debug] [MainThread]: Databricks adapter: DatabricksDBTConnection(id=1494469154944, session-id=None, name=debug, idle-time=0.0s, acquire-count=1, language=None, thread-identifier=(23504, 31576), compute-name=) - Acquired connection on thread (23504, 31576), using default compute resource
[0m22:28:01.404253 [debug] [MainThread]: Databricks adapter: DatabricksDBTConnection(id=1494469154944, session-id=None, name=debug, idle-time=0.0s, acquire-count=1, language=None, thread-identifier=(23504, 31576), compute-name=) - Checking idleness
[0m22:28:01.404253 [debug] [MainThread]: Databricks adapter: DatabricksDBTConnection(id=1494469154944, session-id=None, name=debug, idle-time=0.0s, acquire-count=1, language=None, thread-identifier=(23504, 31576), compute-name=) - Retrieving connection
[0m22:28:01.404253 [debug] [MainThread]: Using databricks connection "debug"
[0m22:28:01.404253 [debug] [MainThread]: On debug: select 1 as id
[0m22:28:01.404253 [debug] [MainThread]: Opening a new connection, currently in state init
[0m22:28:02.189685 [debug] [MainThread]: Databricks adapter: DatabricksDBTConnection(id=1494469154944, session-id=e29690a4-c2f1-4134-bb7d-6ed58e4b3ea5, name=debug, idle-time=0.0s, acquire-count=1, language=None, thread-identifier=(23504, 31576), compute-name=) - Connection created
[0m22:28:02.193738 [debug] [MainThread]: Databricks adapter: Cursor(session-id=e29690a4-c2f1-4134-bb7d-6ed58e4b3ea5, command-id=Unknown) - Created cursor
[0m22:28:04.739097 [debug] [MainThread]: SQL status: OK in 3.3299999237060547 seconds
[0m22:28:04.741630 [debug] [MainThread]: Databricks adapter: Cursor(session-id=e29690a4-c2f1-4134-bb7d-6ed58e4b3ea5, command-id=fce2b72d-551f-4eee-a617-c7b8ec7de472) - Closing cursor
[0m22:28:04.741715 [debug] [MainThread]: Databricks adapter: DatabricksDBTConnection(id=1494469154944, session-id=e29690a4-c2f1-4134-bb7d-6ed58e4b3ea5, name=debug, idle-time=0.0s, acquire-count=0, language=None, thread-identifier=(23504, 31576), compute-name=) - Released connection
[0m22:28:04.741715 [info ] [MainThread]:   Connection test: [[32mOK connection ok[0m]

[0m22:28:04.741715 [info ] [MainThread]: [31m1 check failed:[0m
[0m22:28:04.741715 [info ] [MainThread]: Project loading failed for the following reason:
 project path <C:\Users\anjoj\PycharmProjects\Medallion-dbt\dbt_project.yml> not found

[0m22:28:04.741715 [debug] [MainThread]: Command `dbt debug` failed at 22:28:04.741715 after 5.20 seconds
[0m22:28:04.741715 [debug] [MainThread]: Connection 'debug' was properly closed.
[0m22:28:04.741715 [debug] [MainThread]: On debug: Close
[0m22:28:04.741715 [debug] [MainThread]: Databricks adapter: Connection(session-id=e29690a4-c2f1-4134-bb7d-6ed58e4b3ea5) - Closing connection
[0m22:28:05.221296 [debug] [MainThread]: Sending event: {'category': 'dbt', 'action': 'invocation', 'label': 'end', 'context': [<snowplow_tracker.self_describing_json.SelfDescribingJson object at 0x0000015B97DCB9E0>, <snowplow_tracker.self_describing_json.SelfDescribingJson object at 0x0000015BF45F1370>, <snowplow_tracker.self_describing_json.SelfDescribingJson object at 0x0000015BF537EC90>]}
[0m22:28:05.221296 [debug] [MainThread]: Flushing usage events
[0m22:28:46.234636 [debug] [MainThread]: Sending event: {'category': 'dbt', 'action': 'invocation', 'label': 'start', 'context': [<snowplow_tracker.self_describing_json.SelfDescribingJson object at 0x0000019A061DBB30>, <snowplow_tracker.self_describing_json.SelfDescribingJson object at 0x0000019A02BA8530>, <snowplow_tracker.self_describing_json.SelfDescribingJson object at 0x0000019A05513950>]}


============================== 22:28:46.236694 | 123ac463-9dc1-4b1d-8796-708f09c83d81 ==============================
[0m22:28:46.236694 [info ] [MainThread]: Running with dbt=1.8.1
[0m22:28:46.236694 [debug] [MainThread]: running dbt with arguments {'printer_width': '80', 'indirect_selection': 'eager', 'write_json': 'True', 'log_cache_events': 'False', 'partial_parse': 'True', 'cache_selected_only': 'False', 'warn_error': 'None', 'debug': 'False', 'profiles_dir': 'C:\\Users\\anjoj\\.dbt', 'log_path': 'logs', 'fail_fast': 'False', 'version_check': 'True', 'use_colors': 'True', 'use_experimental_parser': 'False', 'no_print': 'None', 'quiet': 'False', 'warn_error_options': 'WarnErrorOptions(include=[], exclude=[])', 'static_parser': 'True', 'introspect': 'True', 'invocation_command': 'dbt debug', 'target_path': 'None', 'log_format': 'default', 'send_anonymous_usage_stats': 'True'}
[0m22:28:46.255939 [info ] [MainThread]: dbt version: 1.8.1
[0m22:28:46.260983 [info ] [MainThread]: python version: 3.12.3
[0m22:28:46.260983 [info ] [MainThread]: python path: C:\Users\anjoj\PycharmProjects\Medallion-dbt\.venv\Scripts\python.exe
[0m22:28:46.260983 [info ] [MainThread]: os info: Windows-11-10.0.22631-SP0
[0m22:28:46.405714 [debug] [MainThread]: Spark adapter: Setting pyhive.hive logging to ERROR
[0m22:28:46.405714 [debug] [MainThread]: Spark adapter: Setting thrift.transport logging to ERROR
[0m22:28:46.405714 [debug] [MainThread]: Spark adapter: Setting thrift.protocol logging to ERROR
[0m22:28:47.545990 [info ] [MainThread]: Using profiles dir at C:\Users\anjoj\.dbt
[0m22:28:47.547003 [info ] [MainThread]: Using profiles.yml file at C:\Users\anjoj\.dbt\profiles.yml
[0m22:28:47.547003 [info ] [MainThread]: Using dbt_project.yml file at C:\Users\anjoj\PycharmProjects\Medallion-dbt\dbt_project.yml
[0m22:28:47.547003 [info ] [MainThread]: adapter type: databricks
[0m22:28:47.547003 [info ] [MainThread]: adapter version: 1.8.0
[0m22:28:47.547003 [info ] [MainThread]: Configuration:
[0m22:28:47.547003 [info ] [MainThread]:   profiles.yml file [[32mOK found and valid[0m]
[0m22:28:47.547003 [info ] [MainThread]:   dbt_project.yml file [[31mERROR not found[0m]
[0m22:28:47.547003 [info ] [MainThread]: Required dependencies:
[0m22:28:47.547003 [debug] [MainThread]: Executing "git --help"
[0m22:28:47.578703 [debug] [MainThread]: STDOUT: "b"usage: git [-v | --version] [-h | --help] [-C <path>] [-c <name>=<value>]\n           [--exec-path[=<path>]] [--html-path] [--man-path] [--info-path]\n           [-p | --paginate | -P | --no-pager] [--no-replace-objects] [--bare]\n           [--git-dir=<path>] [--work-tree=<path>] [--namespace=<name>]\n           [--config-env=<name>=<envvar>] <command> [<args>]\n\nThese are common Git commands used in various situations:\n\nstart a working area (see also: git help tutorial)\n   clone     Clone a repository into a new directory\n   init      Create an empty Git repository or reinitialize an existing one\n\nwork on the current change (see also: git help everyday)\n   add       Add file contents to the index\n   mv        Move or rename a file, a directory, or a symlink\n   restore   Restore working tree files\n   rm        Remove files from the working tree and from the index\n\nexamine the history and state (see also: git help revisions)\n   bisect    Use binary search to find the commit that introduced a bug\n   diff      Show changes between commits, commit and working tree, etc\n   grep      Print lines matching a pattern\n   log       Show commit logs\n   show      Show various types of objects\n   status    Show the working tree status\n\ngrow, mark and tweak your common history\n   branch    List, create, or delete branches\n   commit    Record changes to the repository\n   merge     Join two or more development histories together\n   rebase    Reapply commits on top of another base tip\n   reset     Reset current HEAD to the specified state\n   switch    Switch branches\n   tag       Create, list, delete or verify a tag object signed with GPG\n\ncollaborate (see also: git help workflows)\n   fetch     Download objects and refs from another repository\n   pull      Fetch from and integrate with another repository or a local branch\n   push      Update remote refs along with associated objects\n\n'git help -a' and 'git help -g' list available subcommands and some\nconcept guides. See 'git help <command>' or 'git help <concept>'\nto read about a specific subcommand or concept.\nSee 'git help git' for an overview of the system.\n""
[0m22:28:47.578703 [debug] [MainThread]: STDERR: "b''"
[0m22:28:47.578703 [info ] [MainThread]:  - git [[32mOK found[0m]

[0m22:28:47.578703 [info ] [MainThread]: Connection:
[0m22:28:47.578703 [info ] [MainThread]:   host: adb-1231056137383159.19.azuredatabricks.net
[0m22:28:47.578703 [info ] [MainThread]:   http_path: sql/protocolv1/o/1231056137383159/0525-230729-64x7jgls
[0m22:28:47.578703 [info ] [MainThread]:   catalog: hive_metastore
[0m22:28:47.578703 [info ] [MainThread]:   schema: saleslt
[0m22:28:47.578703 [info ] [MainThread]: Registered adapter: databricks=1.8.0
[0m22:28:47.586893 [debug] [MainThread]: Databricks adapter: DatabricksDBTConnection(id=1761044714112, session-id=None, name=debug, idle-time=0s, acquire-count=0, language=None, thread-identifier=(26940, 2336), compute-name=) - Creating connection
[0m22:28:47.586893 [debug] [MainThread]: Acquiring new databricks connection 'debug'
[0m22:28:47.586893 [debug] [MainThread]: Databricks adapter: DatabricksDBTConnection(id=1761044714112, session-id=None, name=debug, idle-time=0.0s, acquire-count=1, language=None, thread-identifier=(26940, 2336), compute-name=) - Acquired connection on thread (26940, 2336), using default compute resource
[0m22:28:47.586893 [debug] [MainThread]: Databricks adapter: DatabricksDBTConnection(id=1761044714112, session-id=None, name=debug, idle-time=0.0s, acquire-count=1, language=None, thread-identifier=(26940, 2336), compute-name=) - Checking idleness
[0m22:28:47.586893 [debug] [MainThread]: Databricks adapter: DatabricksDBTConnection(id=1761044714112, session-id=None, name=debug, idle-time=0.0s, acquire-count=1, language=None, thread-identifier=(26940, 2336), compute-name=) - Retrieving connection
[0m22:28:47.586893 [debug] [MainThread]: Using databricks connection "debug"
[0m22:28:47.589411 [debug] [MainThread]: On debug: select 1 as id
[0m22:28:47.589411 [debug] [MainThread]: Opening a new connection, currently in state init
[0m22:28:47.743202 [debug] [MainThread]: Databricks adapter: DatabricksDBTConnection(id=1761044714112, session-id=5dd4da10-2f16-4743-8fd2-88f66b12ee60, name=debug, idle-time=0.0s, acquire-count=1, language=None, thread-identifier=(26940, 2336), compute-name=) - Connection created
[0m22:28:47.743202 [debug] [MainThread]: Databricks adapter: Cursor(session-id=5dd4da10-2f16-4743-8fd2-88f66b12ee60, command-id=Unknown) - Created cursor
[0m22:28:47.891053 [debug] [MainThread]: SQL status: OK in 0.30000001192092896 seconds
[0m22:28:47.891053 [debug] [MainThread]: Databricks adapter: Cursor(session-id=5dd4da10-2f16-4743-8fd2-88f66b12ee60, command-id=b23e023f-4e1d-46f9-bd06-c06f47791681) - Closing cursor
[0m22:28:47.891053 [debug] [MainThread]: Databricks adapter: DatabricksDBTConnection(id=1761044714112, session-id=5dd4da10-2f16-4743-8fd2-88f66b12ee60, name=debug, idle-time=0.0s, acquire-count=0, language=None, thread-identifier=(26940, 2336), compute-name=) - Released connection
[0m22:28:47.891053 [info ] [MainThread]:   Connection test: [[32mOK connection ok[0m]

[0m22:28:47.891053 [info ] [MainThread]: [31m1 check failed:[0m
[0m22:28:47.891053 [info ] [MainThread]: Project loading failed for the following reason:
 project path <C:\Users\anjoj\PycharmProjects\Medallion-dbt\dbt_project.yml> not found

[0m22:28:47.899071 [debug] [MainThread]: Command `dbt debug` failed at 22:28:47.899071 after 1.77 seconds
[0m22:28:47.899071 [debug] [MainThread]: Connection 'debug' was properly closed.
[0m22:28:47.899071 [debug] [MainThread]: On debug: Close
[0m22:28:47.899071 [debug] [MainThread]: Databricks adapter: Connection(session-id=5dd4da10-2f16-4743-8fd2-88f66b12ee60) - Closing connection
[0m22:28:48.171337 [debug] [MainThread]: Sending event: {'category': 'dbt', 'action': 'invocation', 'label': 'end', 'context': [<snowplow_tracker.self_describing_json.SelfDescribingJson object at 0x0000019A0602BB30>, <snowplow_tracker.self_describing_json.SelfDescribingJson object at 0x0000019A28DF7FE0>, <snowplow_tracker.self_describing_json.SelfDescribingJson object at 0x0000019A063E2360>]}
[0m22:28:48.171337 [debug] [MainThread]: Flushing usage events
[0m22:29:50.479975 [debug] [MainThread]: Sending event: {'category': 'dbt', 'action': 'invocation', 'label': 'start', 'context': [<snowplow_tracker.self_describing_json.SelfDescribingJson object at 0x0000029F464E8F80>, <snowplow_tracker.self_describing_json.SelfDescribingJson object at 0x0000029F434386E0>, <snowplow_tracker.self_describing_json.SelfDescribingJson object at 0x0000029F464E9D30>]}


============================== 22:29:50.479975 | f6468581-794f-4c57-8d8f-1d445cf91825 ==============================
[0m22:29:50.479975 [info ] [MainThread]: Running with dbt=1.8.1
[0m22:29:50.488494 [debug] [MainThread]: running dbt with arguments {'printer_width': '80', 'indirect_selection': 'eager', 'log_cache_events': 'False', 'write_json': 'True', 'partial_parse': 'True', 'cache_selected_only': 'False', 'profiles_dir': 'C:\\Users\\anjoj\\.dbt', 'fail_fast': 'False', 'debug': 'False', 'log_path': 'logs', 'warn_error': 'None', 'version_check': 'True', 'use_colors': 'True', 'use_experimental_parser': 'False', 'no_print': 'None', 'quiet': 'False', 'warn_error_options': 'WarnErrorOptions(include=[], exclude=[])', 'introspect': 'True', 'log_format': 'default', 'static_parser': 'True', 'target_path': 'None', 'invocation_command': 'dbt debug', 'send_anonymous_usage_stats': 'True'}
[0m22:29:50.504737 [info ] [MainThread]: dbt version: 1.8.1
[0m22:29:50.504737 [info ] [MainThread]: python version: 3.12.3
[0m22:29:50.512748 [info ] [MainThread]: python path: C:\Users\anjoj\PycharmProjects\Medallion-dbt\.venv\Scripts\python.exe
[0m22:29:50.512748 [info ] [MainThread]: os info: Windows-11-10.0.22631-SP0
[0m22:29:50.682972 [debug] [MainThread]: Spark adapter: Setting pyhive.hive logging to ERROR
[0m22:29:50.682972 [debug] [MainThread]: Spark adapter: Setting thrift.transport logging to ERROR
[0m22:29:50.682972 [debug] [MainThread]: Spark adapter: Setting thrift.protocol logging to ERROR
[0m22:29:51.812019 [info ] [MainThread]: Using profiles dir at C:\Users\anjoj\.dbt
[0m22:29:51.812019 [info ] [MainThread]: Using profiles.yml file at C:\Users\anjoj\.dbt\profiles.yml
[0m22:29:51.812019 [info ] [MainThread]: Using dbt_project.yml file at C:\Users\anjoj\PycharmProjects\Medallion-dbt\dbt_project.yml
[0m22:29:51.812019 [info ] [MainThread]: adapter type: databricks
[0m22:29:51.812019 [info ] [MainThread]: adapter version: 1.8.0
[0m22:29:51.812019 [info ] [MainThread]: Configuration:
[0m22:29:51.812019 [info ] [MainThread]:   profiles.yml file [[32mOK found and valid[0m]
[0m22:29:51.812019 [info ] [MainThread]:   dbt_project.yml file [[31mERROR not found[0m]
[0m22:29:51.812019 [info ] [MainThread]: Required dependencies:
[0m22:29:51.812019 [debug] [MainThread]: Executing "git --help"
[0m22:29:51.843582 [debug] [MainThread]: STDOUT: "b"usage: git [-v | --version] [-h | --help] [-C <path>] [-c <name>=<value>]\n           [--exec-path[=<path>]] [--html-path] [--man-path] [--info-path]\n           [-p | --paginate | -P | --no-pager] [--no-replace-objects] [--bare]\n           [--git-dir=<path>] [--work-tree=<path>] [--namespace=<name>]\n           [--config-env=<name>=<envvar>] <command> [<args>]\n\nThese are common Git commands used in various situations:\n\nstart a working area (see also: git help tutorial)\n   clone     Clone a repository into a new directory\n   init      Create an empty Git repository or reinitialize an existing one\n\nwork on the current change (see also: git help everyday)\n   add       Add file contents to the index\n   mv        Move or rename a file, a directory, or a symlink\n   restore   Restore working tree files\n   rm        Remove files from the working tree and from the index\n\nexamine the history and state (see also: git help revisions)\n   bisect    Use binary search to find the commit that introduced a bug\n   diff      Show changes between commits, commit and working tree, etc\n   grep      Print lines matching a pattern\n   log       Show commit logs\n   show      Show various types of objects\n   status    Show the working tree status\n\ngrow, mark and tweak your common history\n   branch    List, create, or delete branches\n   commit    Record changes to the repository\n   merge     Join two or more development histories together\n   rebase    Reapply commits on top of another base tip\n   reset     Reset current HEAD to the specified state\n   switch    Switch branches\n   tag       Create, list, delete or verify a tag object signed with GPG\n\ncollaborate (see also: git help workflows)\n   fetch     Download objects and refs from another repository\n   pull      Fetch from and integrate with another repository or a local branch\n   push      Update remote refs along with associated objects\n\n'git help -a' and 'git help -g' list available subcommands and some\nconcept guides. See 'git help <command>' or 'git help <concept>'\nto read about a specific subcommand or concept.\nSee 'git help git' for an overview of the system.\n""
[0m22:29:51.843582 [debug] [MainThread]: STDERR: "b''"
[0m22:29:51.843582 [info ] [MainThread]:  - git [[32mOK found[0m]

[0m22:29:51.843582 [info ] [MainThread]: Connection:
[0m22:29:51.843582 [info ] [MainThread]:   host: adb-1231056137383159.19.azuredatabricks.net
[0m22:29:51.843582 [info ] [MainThread]:   http_path: sql/protocolv1/o/1231056137383159/0525-230729-64x7jgls
[0m22:29:51.843582 [info ] [MainThread]:   catalog: hive_metastore
[0m22:29:51.851764 [info ] [MainThread]:   schema: saleslt
[0m22:29:51.851764 [info ] [MainThread]: Registered adapter: databricks=1.8.0
[0m22:29:51.851764 [debug] [MainThread]: Databricks adapter: DatabricksDBTConnection(id=2883113325952, session-id=None, name=debug, idle-time=0s, acquire-count=0, language=None, thread-identifier=(13120, 25908), compute-name=) - Creating connection
[0m22:29:51.851764 [debug] [MainThread]: Acquiring new databricks connection 'debug'
[0m22:29:51.851764 [debug] [MainThread]: Databricks adapter: DatabricksDBTConnection(id=2883113325952, session-id=None, name=debug, idle-time=0.0s, acquire-count=1, language=None, thread-identifier=(13120, 25908), compute-name=) - Acquired connection on thread (13120, 25908), using default compute resource
[0m22:29:51.851764 [debug] [MainThread]: Databricks adapter: DatabricksDBTConnection(id=2883113325952, session-id=None, name=debug, idle-time=0.0s, acquire-count=1, language=None, thread-identifier=(13120, 25908), compute-name=) - Checking idleness
[0m22:29:51.851764 [debug] [MainThread]: Databricks adapter: DatabricksDBTConnection(id=2883113325952, session-id=None, name=debug, idle-time=0.0s, acquire-count=1, language=None, thread-identifier=(13120, 25908), compute-name=) - Retrieving connection
[0m22:29:51.851764 [debug] [MainThread]: Using databricks connection "debug"
[0m22:29:51.851764 [debug] [MainThread]: On debug: select 1 as id
[0m22:29:51.851764 [debug] [MainThread]: Opening a new connection, currently in state init
[0m22:29:52.013601 [debug] [MainThread]: Databricks adapter: DatabricksDBTConnection(id=2883113325952, session-id=17b853c2-d9a4-4a71-bd8d-8c585e7ad052, name=debug, idle-time=0.0s, acquire-count=1, language=None, thread-identifier=(13120, 25908), compute-name=) - Connection created
[0m22:29:52.013601 [debug] [MainThread]: Databricks adapter: Cursor(session-id=17b853c2-d9a4-4a71-bd8d-8c585e7ad052, command-id=Unknown) - Created cursor
[0m22:29:52.161861 [debug] [MainThread]: SQL status: OK in 0.3100000023841858 seconds
[0m22:29:52.161861 [debug] [MainThread]: Databricks adapter: Cursor(session-id=17b853c2-d9a4-4a71-bd8d-8c585e7ad052, command-id=c124e073-3f3f-4656-97fa-913f73ff258a) - Closing cursor
[0m22:29:52.161861 [debug] [MainThread]: Databricks adapter: DatabricksDBTConnection(id=2883113325952, session-id=17b853c2-d9a4-4a71-bd8d-8c585e7ad052, name=debug, idle-time=0.0s, acquire-count=0, language=None, thread-identifier=(13120, 25908), compute-name=) - Released connection
[0m22:29:52.161861 [info ] [MainThread]:   Connection test: [[32mOK connection ok[0m]

[0m22:29:52.161861 [info ] [MainThread]: [31m1 check failed:[0m
[0m22:29:52.161861 [info ] [MainThread]: Project loading failed for the following reason:
 project path <C:\Users\anjoj\PycharmProjects\Medallion-dbt\dbt_project.yml> not found

[0m22:29:52.161861 [debug] [MainThread]: Command `dbt debug` failed at 22:29:52.161861 after 1.81 seconds
[0m22:29:52.169931 [debug] [MainThread]: Connection 'debug' was properly closed.
[0m22:29:52.170023 [debug] [MainThread]: On debug: Close
[0m22:29:52.170023 [debug] [MainThread]: Databricks adapter: Connection(session-id=17b853c2-d9a4-4a71-bd8d-8c585e7ad052) - Closing connection
[0m22:29:52.228379 [debug] [MainThread]: Sending event: {'category': 'dbt', 'action': 'invocation', 'label': 'end', 'context': [<snowplow_tracker.self_describing_json.SelfDescribingJson object at 0x0000029F46C721B0>, <snowplow_tracker.self_describing_json.SelfDescribingJson object at 0x0000029F46F60890>, <snowplow_tracker.self_describing_json.SelfDescribingJson object at 0x0000029F464EBBF0>]}
[0m22:29:52.236068 [debug] [MainThread]: Flushing usage events
[0m22:30:34.903140 [debug] [MainThread]: Sending event: {'category': 'dbt', 'action': 'invocation', 'label': 'start', 'context': [<snowplow_tracker.self_describing_json.SelfDescribingJson object at 0x0000026EF24233E0>, <snowplow_tracker.self_describing_json.SelfDescribingJson object at 0x0000026EF1888500>, <snowplow_tracker.self_describing_json.SelfDescribingJson object at 0x0000026EF50C4B30>]}


============================== 22:30:34.903140 | 4d524e21-b1aa-449b-94b3-6ac7066a8aa6 ==============================
[0m22:30:34.903140 [info ] [MainThread]: Running with dbt=1.8.1
[0m22:30:34.903140 [debug] [MainThread]: running dbt with arguments {'printer_width': '80', 'indirect_selection': 'eager', 'write_json': 'True', 'log_cache_events': 'False', 'partial_parse': 'True', 'cache_selected_only': 'False', 'profiles_dir': 'C:\\Users\\anjoj\\.dbt', 'fail_fast': 'False', 'debug': 'False', 'log_path': 'logs', 'warn_error': 'None', 'version_check': 'True', 'use_colors': 'True', 'use_experimental_parser': 'False', 'no_print': 'None', 'quiet': 'False', 'warn_error_options': 'WarnErrorOptions(include=[], exclude=[])', 'static_parser': 'True', 'log_format': 'default', 'invocation_command': 'dbt debug', 'target_path': 'None', 'introspect': 'True', 'send_anonymous_usage_stats': 'True'}
[0m22:30:34.927280 [info ] [MainThread]: dbt version: 1.8.1
[0m22:30:34.927280 [info ] [MainThread]: python version: 3.12.3
[0m22:30:34.927280 [info ] [MainThread]: python path: C:\Users\anjoj\PycharmProjects\Medallion-dbt\.venv\Scripts\python.exe
[0m22:30:34.927280 [info ] [MainThread]: os info: Windows-11-10.0.22631-SP0
[0m22:30:35.121491 [debug] [MainThread]: Spark adapter: Setting pyhive.hive logging to ERROR
[0m22:30:35.121491 [debug] [MainThread]: Spark adapter: Setting thrift.transport logging to ERROR
[0m22:30:35.121491 [debug] [MainThread]: Spark adapter: Setting thrift.protocol logging to ERROR
[0m22:30:36.442511 [info ] [MainThread]: Using profiles dir at C:\Users\anjoj\.dbt
[0m22:30:36.442511 [info ] [MainThread]: Using profiles.yml file at C:\Users\anjoj\.dbt\profiles.yml
[0m22:30:36.442511 [info ] [MainThread]: Using dbt_project.yml file at C:\Users\anjoj\PycharmProjects\Medallion-dbt\dbt_project.yml
[0m22:30:36.442511 [info ] [MainThread]: adapter type: databricks
[0m22:30:36.442511 [info ] [MainThread]: adapter version: 1.8.0
[0m22:30:36.442511 [info ] [MainThread]: Configuration:
[0m22:30:36.442511 [info ] [MainThread]:   profiles.yml file [[32mOK found and valid[0m]
[0m22:30:36.450499 [info ] [MainThread]:   dbt_project.yml file [[31mERROR not found[0m]
[0m22:30:36.450579 [info ] [MainThread]: Required dependencies:
[0m22:30:36.450579 [debug] [MainThread]: Executing "git --help"
[0m22:30:36.474832 [debug] [MainThread]: STDOUT: "b"usage: git [-v | --version] [-h | --help] [-C <path>] [-c <name>=<value>]\n           [--exec-path[=<path>]] [--html-path] [--man-path] [--info-path]\n           [-p | --paginate | -P | --no-pager] [--no-replace-objects] [--bare]\n           [--git-dir=<path>] [--work-tree=<path>] [--namespace=<name>]\n           [--config-env=<name>=<envvar>] <command> [<args>]\n\nThese are common Git commands used in various situations:\n\nstart a working area (see also: git help tutorial)\n   clone     Clone a repository into a new directory\n   init      Create an empty Git repository or reinitialize an existing one\n\nwork on the current change (see also: git help everyday)\n   add       Add file contents to the index\n   mv        Move or rename a file, a directory, or a symlink\n   restore   Restore working tree files\n   rm        Remove files from the working tree and from the index\n\nexamine the history and state (see also: git help revisions)\n   bisect    Use binary search to find the commit that introduced a bug\n   diff      Show changes between commits, commit and working tree, etc\n   grep      Print lines matching a pattern\n   log       Show commit logs\n   show      Show various types of objects\n   status    Show the working tree status\n\ngrow, mark and tweak your common history\n   branch    List, create, or delete branches\n   commit    Record changes to the repository\n   merge     Join two or more development histories together\n   rebase    Reapply commits on top of another base tip\n   reset     Reset current HEAD to the specified state\n   switch    Switch branches\n   tag       Create, list, delete or verify a tag object signed with GPG\n\ncollaborate (see also: git help workflows)\n   fetch     Download objects and refs from another repository\n   pull      Fetch from and integrate with another repository or a local branch\n   push      Update remote refs along with associated objects\n\n'git help -a' and 'git help -g' list available subcommands and some\nconcept guides. See 'git help <command>' or 'git help <concept>'\nto read about a specific subcommand or concept.\nSee 'git help git' for an overview of the system.\n""
[0m22:30:36.474832 [debug] [MainThread]: STDERR: "b''"
[0m22:30:36.474832 [info ] [MainThread]:  - git [[32mOK found[0m]

[0m22:30:36.474832 [info ] [MainThread]: Connection:
[0m22:30:36.482867 [info ] [MainThread]:   host: adb-1231056137383159.19.azuredatabricks.net
[0m22:30:36.482867 [info ] [MainThread]:   http_path: sql/protocolv1/o/1231056137383159/0525-230729-64x7jgls
[0m22:30:36.482867 [info ] [MainThread]:   catalog: hive_metastore
[0m22:30:36.482867 [info ] [MainThread]:   schema: saleslt
[0m22:30:36.482867 [info ] [MainThread]: Registered adapter: databricks=1.8.0
[0m22:30:36.482867 [debug] [MainThread]: Databricks adapter: DatabricksDBTConnection(id=2675582495264, session-id=None, name=debug, idle-time=0s, acquire-count=0, language=None, thread-identifier=(8640, 7012), compute-name=) - Creating connection
[0m22:30:36.482867 [debug] [MainThread]: Acquiring new databricks connection 'debug'
[0m22:30:36.482867 [debug] [MainThread]: Databricks adapter: DatabricksDBTConnection(id=2675582495264, session-id=None, name=debug, idle-time=0.0s, acquire-count=1, language=None, thread-identifier=(8640, 7012), compute-name=) - Acquired connection on thread (8640, 7012), using default compute resource
[0m22:30:36.482867 [debug] [MainThread]: Databricks adapter: DatabricksDBTConnection(id=2675582495264, session-id=None, name=debug, idle-time=0.0s, acquire-count=1, language=None, thread-identifier=(8640, 7012), compute-name=) - Checking idleness
[0m22:30:36.482867 [debug] [MainThread]: Databricks adapter: DatabricksDBTConnection(id=2675582495264, session-id=None, name=debug, idle-time=0.0s, acquire-count=1, language=None, thread-identifier=(8640, 7012), compute-name=) - Retrieving connection
[0m22:30:36.482867 [debug] [MainThread]: Using databricks connection "debug"
[0m22:30:36.482867 [debug] [MainThread]: On debug: select 1 as id
[0m22:30:36.482867 [debug] [MainThread]: Opening a new connection, currently in state init
[0m22:30:36.768700 [debug] [MainThread]: Databricks adapter: DatabricksDBTConnection(id=2675582495264, session-id=cc252833-c573-4784-8179-c7c410c84234, name=debug, idle-time=0.0s, acquire-count=1, language=None, thread-identifier=(8640, 7012), compute-name=) - Connection created
[0m22:30:36.772265 [debug] [MainThread]: Databricks adapter: Cursor(session-id=cc252833-c573-4784-8179-c7c410c84234, command-id=Unknown) - Created cursor
[0m22:30:36.920814 [debug] [MainThread]: SQL status: OK in 0.4399999976158142 seconds
[0m22:30:36.920814 [debug] [MainThread]: Databricks adapter: Cursor(session-id=cc252833-c573-4784-8179-c7c410c84234, command-id=0ff71ded-744d-4756-8a76-c8cf322ac85b) - Closing cursor
[0m22:30:36.920814 [debug] [MainThread]: Databricks adapter: DatabricksDBTConnection(id=2675582495264, session-id=cc252833-c573-4784-8179-c7c410c84234, name=debug, idle-time=0.0s, acquire-count=0, language=None, thread-identifier=(8640, 7012), compute-name=) - Released connection
[0m22:30:36.920814 [info ] [MainThread]:   Connection test: [[32mOK connection ok[0m]

[0m22:30:36.920814 [info ] [MainThread]: [31m1 check failed:[0m
[0m22:30:36.928605 [info ] [MainThread]: Project loading failed for the following reason:
 project path <C:\Users\anjoj\PycharmProjects\Medallion-dbt\dbt_project.yml> not found

[0m22:30:36.928605 [debug] [MainThread]: Command `dbt debug` failed at 22:30:36.928605 after 2.15 seconds
[0m22:30:36.928605 [debug] [MainThread]: Connection 'debug' was properly closed.
[0m22:30:36.928605 [debug] [MainThread]: On debug: Close
[0m22:30:36.928605 [debug] [MainThread]: Databricks adapter: Connection(session-id=cc252833-c573-4784-8179-c7c410c84234) - Closing connection
[0m22:30:37.035741 [debug] [MainThread]: Sending event: {'category': 'dbt', 'action': 'invocation', 'label': 'end', 'context': [<snowplow_tracker.self_describing_json.SelfDescribingJson object at 0x0000026EF47BFA40>, <snowplow_tracker.self_describing_json.SelfDescribingJson object at 0x0000026E97C878F0>, <snowplow_tracker.self_describing_json.SelfDescribingJson object at 0x0000026EF4707830>]}
[0m22:30:37.035741 [debug] [MainThread]: Flushing usage events
[0m20:06:39.960255 [debug] [MainThread]: Sending event: {'category': 'dbt', 'action': 'invocation', 'label': 'start', 'context': [<snowplow_tracker.self_describing_json.SelfDescribingJson object at 0x00000137D3F69B20>, <snowplow_tracker.self_describing_json.SelfDescribingJson object at 0x00000137D3F69130>, <snowplow_tracker.self_describing_json.SelfDescribingJson object at 0x00000137D3F6ABA0>]}


============================== 20:06:39.968243 | 11b2812f-e1c6-4729-bf4e-49c85af9621e ==============================
[0m20:06:39.968243 [info ] [MainThread]: Running with dbt=1.8.1
[0m20:06:39.968243 [debug] [MainThread]: running dbt with arguments {'printer_width': '80', 'indirect_selection': 'eager', 'log_cache_events': 'False', 'write_json': 'True', 'partial_parse': 'True', 'cache_selected_only': 'False', 'profiles_dir': 'C:\\Users\\anjoj\\.dbt', 'version_check': 'True', 'debug': 'False', 'log_path': 'logs', 'fail_fast': 'False', 'warn_error': 'None', 'use_colors': 'True', 'use_experimental_parser': 'False', 'no_print': 'None', 'quiet': 'False', 'log_format': 'default', 'static_parser': 'True', 'invocation_command': 'dbt docs serve', 'introspect': 'True', 'target_path': 'None', 'warn_error_options': 'WarnErrorOptions(include=[], exclude=[])', 'send_anonymous_usage_stats': 'True'}
[0m20:06:39.968243 [error] [MainThread]: Encountered an error:
Runtime Error
  No dbt_project.yml found at expected path C:\Users\anjoj\PycharmProjects\Medallion-dbt\dbt_project.yml
  Verify that each entry within packages.yml (and their transitive dependencies) contains a file named dbt_project.yml
  
[0m20:06:39.968243 [debug] [MainThread]: Command `dbt docs serve` failed at 20:06:39.968243 after 0.15 seconds
[0m20:06:39.968243 [debug] [MainThread]: Sending event: {'category': 'dbt', 'action': 'invocation', 'label': 'end', 'context': [<snowplow_tracker.self_describing_json.SelfDescribingJson object at 0x00000137D31D7A40>, <snowplow_tracker.self_describing_json.SelfDescribingJson object at 0x00000137D3BDB9E0>, <snowplow_tracker.self_describing_json.SelfDescribingJson object at 0x00000137D3DC1040>]}
[0m20:06:39.968243 [debug] [MainThread]: Flushing usage events
